<?xml version="1.0" encoding="UTF-8"?>
<testng-results skipped="0" failed="0" total="1" passed="1">
  <reporter-output>
  </reporter-output>
  <suite name="Default suite" duration-ms="13434" started-at="2015-10-28T03:56:07Z" finished-at="2015-10-28T03:56:20Z">
    <groups>
    </groups>
    <test name="Default test" duration-ms="13434" started-at="2015-10-28T03:56:07Z" finished-at="2015-10-28T03:56:20Z">
      <class name="FinctionalTesting.LoginBaseCripts">
        <test-method status="PASS" signature="setUp()[pri:0, instance:FinctionalTesting.LoginBaseCripts@2b96978f]" name="setUp" is-config="true" duration-ms="7472" started-at="2015-10-27T23:56:07Z" finished-at="2015-10-27T23:56:14Z">
          <reporter-output>
          </reporter-output>
        </test-method> <!-- setUp -->
        <test-method status="PASS" signature="login()[pri:0, instance:FinctionalTesting.LoginBaseCripts@2b96978f]" name="login" duration-ms="5466" started-at="2015-10-27T23:56:14Z" finished-at="2015-10-27T23:56:19Z">
          <reporter-output>
          </reporter-output>
        </test-method> <!-- login -->
        <test-method status="PASS" signature="tearDown()[pri:0, instance:FinctionalTesting.LoginBaseCripts@2b96978f]" name="tearDown" is-config="true" duration-ms="471" started-at="2015-10-27T23:56:19Z" finished-at="2015-10-27T23:56:20Z">
          <reporter-output>
          </reporter-output>
        </test-method> <!-- tearDown -->
      </class> <!-- FinctionalTesting.LoginBaseCripts -->
    </test> <!-- Default test -->
  </suite> <!-- Default suite -->
</testng-results>
